2019-06-25 22:11:34,312 no email passed on arguments... exception ignored
2019-06-25 22:11:34,330 search type: 1
2019-06-25 22:11:34,335 couldnt get the tweets data... some error ocurred:
Traceback (most recent call last):
  File "./main.py", line 89, in define_action
    return get_tweets()
  File "./main.py", line 54, in get_tweets
    return get_data()
  File "./main.py", line 42, in get_data
    term_result = term_loader.load_term_file(path + search + ".csv").to_json()  # result = JSON_Object containing pair of JSON_Objects
  File "C:\Users\Alex\WebstormProjects\PropraSeite\server\DataAnalisis\term_loader.py", line 52, in load_term_file
    tweets = pd.read_csv(path, sep=";", error_bad_lines=False)
  File "C:\Program Files (x86)\Python37-32\lib\site-packages\pandas\io\parsers.py", line 702, in parser_f
    return _read(filepath_or_buffer, kwds)
  File "C:\Program Files (x86)\Python37-32\lib\site-packages\pandas\io\parsers.py", line 429, in _read
    parser = TextFileReader(filepath_or_buffer, **kwds)
  File "C:\Program Files (x86)\Python37-32\lib\site-packages\pandas\io\parsers.py", line 895, in __init__
    self._make_engine(self.engine)
  File "C:\Program Files (x86)\Python37-32\lib\site-packages\pandas\io\parsers.py", line 1122, in _make_engine
    self._engine = CParserWrapper(self.f, **self.options)
  File "C:\Program Files (x86)\Python37-32\lib\site-packages\pandas\io\parsers.py", line 1853, in __init__
    self._reader = parsers.TextReader(src, **kwds)
  File "pandas\_libs\parsers.pyx", line 387, in pandas._libs.parsers.TextReader.__cinit__
  File "pandas\_libs\parsers.pyx", line 705, in pandas._libs.parsers.TextReader._setup_parser_source
FileNotFoundError: [Errno 2] File b'/Data/Trump.csv' does not exist: b'/Data/Trump.csv'
2019-06-25 22:13:26,669 no email passed on arguments... exception ignored
2019-06-25 22:13:26,675 search type: 1
2019-06-25 22:13:26,989 couldnt get the tweets data... some error ocurred:
Traceback (most recent call last):
  File "C:/Users/Alex/WebstormProjects/PropraSeite/server/main.py", line 89, in define_action
    return get_tweets()
  File "C:/Users/Alex/WebstormProjects/PropraSeite/server/main.py", line 54, in get_tweets
    return get_data()
  File "C:/Users/Alex/WebstormProjects/PropraSeite/server/main.py", line 45, in get_data
    term_sentiment_result = term_sentiment_analysis_loader.load_terms_sentiment_file(path + search + "Sentiments.csv")
  File "C:\Users\Alex\WebstormProjects\PropraSeite\server\DataAnalisis\term_sentiment_analysis_loader.py", line 6, in load_terms_sentiment_file
    result = pd.read_csv(path, sep=";", error_bad_lines=False)
  File "C:\Users\Alex\WebstormProjects\PropraSeite\venv\lib\site-packages\pandas\io\parsers.py", line 702, in parser_f
    return _read(filepath_or_buffer, kwds)
  File "C:\Users\Alex\WebstormProjects\PropraSeite\venv\lib\site-packages\pandas\io\parsers.py", line 429, in _read
    parser = TextFileReader(filepath_or_buffer, **kwds)
  File "C:\Users\Alex\WebstormProjects\PropraSeite\venv\lib\site-packages\pandas\io\parsers.py", line 895, in __init__
    self._make_engine(self.engine)
  File "C:\Users\Alex\WebstormProjects\PropraSeite\venv\lib\site-packages\pandas\io\parsers.py", line 1122, in _make_engine
    self._engine = CParserWrapper(self.f, **self.options)
  File "C:\Users\Alex\WebstormProjects\PropraSeite\venv\lib\site-packages\pandas\io\parsers.py", line 1853, in __init__
    self._reader = parsers.TextReader(src, **kwds)
  File "pandas\_libs\parsers.pyx", line 387, in pandas._libs.parsers.TextReader.__cinit__
  File "pandas\_libs\parsers.pyx", line 705, in pandas._libs.parsers.TextReader._setup_parser_source
FileNotFoundError: [Errno 2] File b'Data/KlimawandelSentiments.csv' does not exist: b'Data/KlimawandelSentiments.csv'
2019-06-25 22:14:10,569 no email passed on arguments... exception ignored
2019-06-25 22:14:10,578 search type: 1
2019-06-25 22:14:10,746 couldnt get the tweets data... some error ocurred:
Traceback (most recent call last):
  File "C:/Users/Alex/WebstormProjects/PropraSeite/server/main.py", line 89, in define_action
    return get_tweets()
  File "C:/Users/Alex/WebstormProjects/PropraSeite/server/main.py", line 54, in get_tweets
    return get_data()
  File "C:/Users/Alex/WebstormProjects/PropraSeite/server/main.py", line 45, in get_data
    term_sentiment_result = term_sentiment_analysis_loader.load_terms_sentiment_file(path + search + "Sentiments.csv")
  File "C:\Users\Alex\WebstormProjects\PropraSeite\server\DataAnalisis\term_sentiment_analysis_loader.py", line 6, in load_terms_sentiment_file
    result = pd.read_csv(path, sep=";", error_bad_lines=False)
  File "C:\Users\Alex\WebstormProjects\PropraSeite\venv\lib\site-packages\pandas\io\parsers.py", line 702, in parser_f
    return _read(filepath_or_buffer, kwds)
  File "C:\Users\Alex\WebstormProjects\PropraSeite\venv\lib\site-packages\pandas\io\parsers.py", line 429, in _read
    parser = TextFileReader(filepath_or_buffer, **kwds)
  File "C:\Users\Alex\WebstormProjects\PropraSeite\venv\lib\site-packages\pandas\io\parsers.py", line 895, in __init__
    self._make_engine(self.engine)
  File "C:\Users\Alex\WebstormProjects\PropraSeite\venv\lib\site-packages\pandas\io\parsers.py", line 1122, in _make_engine
    self._engine = CParserWrapper(self.f, **self.options)
  File "C:\Users\Alex\WebstormProjects\PropraSeite\venv\lib\site-packages\pandas\io\parsers.py", line 1853, in __init__
    self._reader = parsers.TextReader(src, **kwds)
  File "pandas\_libs\parsers.pyx", line 387, in pandas._libs.parsers.TextReader.__cinit__
  File "pandas\_libs\parsers.pyx", line 705, in pandas._libs.parsers.TextReader._setup_parser_source
FileNotFoundError: [Errno 2] File b'Data/KlimawandelSentiments.csv' does not exist: b'Data/KlimawandelSentiments.csv'
2019-06-25 22:14:51,509 no email passed on arguments... exception ignored
2019-06-25 22:14:51,516 search type: 1
2019-06-25 22:14:51,767 result: {"result":{"term":{"1558213200000":16896,"1558216800000":1,"1558220400000":0,"1558224000000":0,"1558227600000":1,"1558231200000":0,"1558234800000":0,"1558238400000":0,"1558242000000":0,"1558245600000":0,"1558249200000":0,"1558252800000":0,"1558256400000":0,"1558260000000":0,"1558263600000":193},"counted":[["#BREAKING",5],["#moms",6],["#EEUU",6],["#toddlers",6],["#MAGAmemes",7],["#maga",7],["#WAKEUPAMERICA",8],["#RT",13],["#trump",14],["#FAUXnews",14],["#ccot",17],["#tcot",30],["#kag",33],["#NATO",35]],"topuser":[["bettyblack176",11],["all_sabrina",11],["MaryFabulous3",11],["lpbrown7",12],["AmericanMom2",12],["ProfSchlitzo7",12],["Pasha_Enrik",12],["trilingual1946",12],["FLpalmtree1",12],["minamoradi2020",12],["BarleyFields1",12],["AJHolland01",13],["sueludad",13],["spooner_lindsay",13],["rawlings_cindy",13],["Sekusa1",13],["atypicalblonde",14],["Pissed_Woman",14],["JeffreyHardin15",14],["kathy_levy",15],["primfreak",15],["gnod111",16],["SearchingForTr9",16],["Eyerish13",16],["GymCoachMac",17]],"sentiment":[{"Tweet_ID": 1.1292963741497016e+18, "Sentiment": 0.75, "Time": "2019-05-17 10:03:31"},{"Tweet_ID": 1.129296389337432e+18, "Sentiment": 0.0, "Time": "2019-05-17 10:03:35"}]}}
2019-06-25 22:15:57,436 no email passed on arguments... exception ignored
2019-06-25 22:15:57,436 search type: 1
2019-06-25 22:15:57,440 couldnt get the tweets data... some error ocurred:
Traceback (most recent call last):
  File "./main.py", line 89, in define_action
    return get_tweets()
  File "./main.py", line 54, in get_tweets
    return get_data()
  File "./main.py", line 42, in get_data
    term_result = term_loader.load_term_file(path + search + ".csv").to_json()  # result = JSON_Object containing pair of JSON_Objects
  File "C:\Users\Alex\WebstormProjects\PropraSeite\server\DataAnalisis\term_loader.py", line 52, in load_term_file
    tweets = pd.read_csv(path, sep=";", error_bad_lines=False)
  File "C:\Program Files (x86)\Python37-32\lib\site-packages\pandas\io\parsers.py", line 702, in parser_f
    return _read(filepath_or_buffer, kwds)
  File "C:\Program Files (x86)\Python37-32\lib\site-packages\pandas\io\parsers.py", line 429, in _read
    parser = TextFileReader(filepath_or_buffer, **kwds)
  File "C:\Program Files (x86)\Python37-32\lib\site-packages\pandas\io\parsers.py", line 895, in __init__
    self._make_engine(self.engine)
  File "C:\Program Files (x86)\Python37-32\lib\site-packages\pandas\io\parsers.py", line 1122, in _make_engine
    self._engine = CParserWrapper(self.f, **self.options)
  File "C:\Program Files (x86)\Python37-32\lib\site-packages\pandas\io\parsers.py", line 1853, in __init__
    self._reader = parsers.TextReader(src, **kwds)
  File "pandas\_libs\parsers.pyx", line 387, in pandas._libs.parsers.TextReader.__cinit__
  File "pandas\_libs\parsers.pyx", line 705, in pandas._libs.parsers.TextReader._setup_parser_source
FileNotFoundError: [Errno 2] File b'/Data/Trump.csv' does not exist: b'/Data/Trump.csv'
2019-06-25 22:16:20,236 no email passed on arguments... exception ignored
2019-06-25 22:16:20,240 search type: 1
2019-06-25 22:16:20,510 result: {"result":{"term":{"1558213200000":16896,"1558216800000":1,"1558220400000":0,"1558224000000":0,"1558227600000":1,"1558231200000":0,"1558234800000":0,"1558238400000":0,"1558242000000":0,"1558245600000":0,"1558249200000":0,"1558252800000":0,"1558256400000":0,"1558260000000":0,"1558263600000":193},"counted":[["#BREAKING",5],["#moms",6],["#EEUU",6],["#toddlers",6],["#MAGAmemes",7],["#maga",7],["#WAKEUPAMERICA",8],["#RT",13],["#trump",14],["#FAUXnews",14],["#ccot",17],["#tcot",30],["#kag",33],["#NATO",35]],"topuser":[["bettyblack176",11],["all_sabrina",11],["MaryFabulous3",11],["lpbrown7",12],["AmericanMom2",12],["ProfSchlitzo7",12],["Pasha_Enrik",12],["trilingual1946",12],["FLpalmtree1",12],["minamoradi2020",12],["BarleyFields1",12],["AJHolland01",13],["sueludad",13],["spooner_lindsay",13],["rawlings_cindy",13],["Sekusa1",13],["atypicalblonde",14],["Pissed_Woman",14],["JeffreyHardin15",14],["kathy_levy",15],["primfreak",15],["gnod111",16],["SearchingForTr9",16],["Eyerish13",16],["GymCoachMac",17]],"sentiment":[{"Tweet_ID": 1.1292963741497016e+18, "Sentiment": 0.75, "Time": "2019-05-17 10:03:31"},{"Tweet_ID": 1.129296389337432e+18, "Sentiment": 0.0, "Time": "2019-05-17 10:03:35"}]}}
2019-06-25 22:17:09,680 no email passed on arguments... exception ignored
2019-06-25 22:17:09,684 search type: 1
2019-06-25 22:17:09,947 result: {"result":{"term":{"1558213200000":16896,"1558216800000":1,"1558220400000":0,"1558224000000":0,"1558227600000":1,"1558231200000":0,"1558234800000":0,"1558238400000":0,"1558242000000":0,"1558245600000":0,"1558249200000":0,"1558252800000":0,"1558256400000":0,"1558260000000":0,"1558263600000":193},"counted":[["#BREAKING",5],["#moms",6],["#EEUU",6],["#toddlers",6],["#MAGAmemes",7],["#maga",7],["#WAKEUPAMERICA",8],["#RT",13],["#trump",14],["#FAUXnews",14],["#ccot",17],["#tcot",30],["#kag",33],["#NATO",35]],"topuser":[["bettyblack176",11],["all_sabrina",11],["MaryFabulous3",11],["lpbrown7",12],["AmericanMom2",12],["ProfSchlitzo7",12],["Pasha_Enrik",12],["trilingual1946",12],["FLpalmtree1",12],["minamoradi2020",12],["BarleyFields1",12],["AJHolland01",13],["sueludad",13],["spooner_lindsay",13],["rawlings_cindy",13],["Sekusa1",13],["atypicalblonde",14],["Pissed_Woman",14],["JeffreyHardin15",14],["kathy_levy",15],["primfreak",15],["gnod111",16],["SearchingForTr9",16],["Eyerish13",16],["GymCoachMac",17]],"sentiment":[{"Tweet_ID": 1.1292963741497016e+18, "Sentiment": 0.75, "Time": "2019-05-17 10:03:31"},{"Tweet_ID": 1.129296389337432e+18, "Sentiment": 0.0, "Time": "2019-05-17 10:03:35"}]}}
2019-06-25 22:20:29,672 no email passed on arguments... exception ignored
2019-06-25 22:20:29,675 search type: 1
2019-06-25 22:20:29,889 result: {"result":{"term":{"1558213200000":16896,"1558216800000":1,"1558220400000":0,"1558224000000":0,"1558227600000":1,"1558231200000":0,"1558234800000":0,"1558238400000":0,"1558242000000":0,"1558245600000":0,"1558249200000":0,"1558252800000":0,"1558256400000":0,"1558260000000":0,"1558263600000":193},"counted":[["#BREAKING",5],["#moms",6],["#EEUU",6],["#toddlers",6],["#MAGAmemes",7],["#maga",7],["#WAKEUPAMERICA",8],["#RT",13],["#trump",14],["#FAUXnews",14],["#ccot",17],["#tcot",30],["#kag",33],["#NATO",35]],"topuser":[["bettyblack176",11],["all_sabrina",11],["MaryFabulous3",11],["lpbrown7",12],["AmericanMom2",12],["ProfSchlitzo7",12],["Pasha_Enrik",12],["trilingual1946",12],["FLpalmtree1",12],["minamoradi2020",12],["BarleyFields1",12],["AJHolland01",13],["sueludad",13],["spooner_lindsay",13],["rawlings_cindy",13],["Sekusa1",13],["atypicalblonde",14],["Pissed_Woman",14],["JeffreyHardin15",14],["kathy_levy",15],["primfreak",15],["gnod111",16],["SearchingForTr9",16],["Eyerish13",16],["GymCoachMac",17]],"sentiment":[{"Tweet_ID": 1.1292963741497016e+18, "Sentiment": 0.75, "Time": "2019-05-17 10:03:31"},{"Tweet_ID": 1.129296389337432e+18, "Sentiment": 0.0, "Time": "2019-05-17 10:03:35"}]}}
2019-06-26 10:31:06,216 no email passed on arguments... exception ignored
2019-06-26 10:31:06,220 search type: 1
2019-06-26 10:31:06,502 result: {"result":{"term":{"1558213200000":16896,"1558216800000":1,"1558220400000":0,"1558224000000":0,"1558227600000":1,"1558231200000":0,"1558234800000":0,"1558238400000":0,"1558242000000":0,"1558245600000":0,"1558249200000":0,"1558252800000":0,"1558256400000":0,"1558260000000":0,"1558263600000":193},"counted":[["#BREAKING",5],["#moms",6],["#EEUU",6],["#toddlers",6],["#MAGAmemes",7],["#maga",7],["#WAKEUPAMERICA",8],["#RT",13],["#trump",14],["#FAUXnews",14],["#ccot",17],["#tcot",30],["#kag",33],["#NATO",35]],"topuser":[["bettyblack176",11],["all_sabrina",11],["MaryFabulous3",11],["lpbrown7",12],["AmericanMom2",12],["ProfSchlitzo7",12],["Pasha_Enrik",12],["trilingual1946",12],["FLpalmtree1",12],["minamoradi2020",12],["BarleyFields1",12],["AJHolland01",13],["sueludad",13],["spooner_lindsay",13],["rawlings_cindy",13],["Sekusa1",13],["atypicalblonde",14],["Pissed_Woman",14],["JeffreyHardin15",14],["kathy_levy",15],["primfreak",15],["gnod111",16],["SearchingForTr9",16],["Eyerish13",16],["GymCoachMac",17]],"sentiment":[{"Tweet_ID": 1.1292963741497016e+18, "Sentiment": 0.75, "Time": "2019-05-17 10:03:31"},{"Tweet_ID": 1.129296389337432e+18, "Sentiment": 0.0, "Time": "2019-05-17 10:03:35"}]}}
2019-06-26 10:31:13,815 no email passed on arguments... exception ignored
2019-06-26 10:31:13,818 search type: 1
2019-06-26 10:31:14,017 couldnt get the tweets data... some error ocurred:
Traceback (most recent call last):
  File "./main.py", line 89, in define_action
    return get_tweets()
  File "./main.py", line 54, in get_tweets
    return get_data()
  File "./main.py", line 45, in get_data
    term_sentiment_result = term_sentiment_analysis_loader.load_terms_sentiment_file(path + search + "Sentiments.csv")
  File "C:\Users\Alex\WebstormProjects\PropraSeite\server\DataAnalisis\term_sentiment_analysis_loader.py", line 6, in load_terms_sentiment_file
    result = pd.read_csv(path, sep=";", error_bad_lines=False)
  File "C:\Program Files (x86)\Python37-32\lib\site-packages\pandas\io\parsers.py", line 702, in parser_f
    return _read(filepath_or_buffer, kwds)
  File "C:\Program Files (x86)\Python37-32\lib\site-packages\pandas\io\parsers.py", line 429, in _read
    parser = TextFileReader(filepath_or_buffer, **kwds)
  File "C:\Program Files (x86)\Python37-32\lib\site-packages\pandas\io\parsers.py", line 895, in __init__
    self._make_engine(self.engine)
  File "C:\Program Files (x86)\Python37-32\lib\site-packages\pandas\io\parsers.py", line 1122, in _make_engine
    self._engine = CParserWrapper(self.f, **self.options)
  File "C:\Program Files (x86)\Python37-32\lib\site-packages\pandas\io\parsers.py", line 1853, in __init__
    self._reader = parsers.TextReader(src, **kwds)
  File "pandas\_libs\parsers.pyx", line 387, in pandas._libs.parsers.TextReader.__cinit__
  File "pandas\_libs\parsers.pyx", line 705, in pandas._libs.parsers.TextReader._setup_parser_source
FileNotFoundError: [Errno 2] File b'Data/KlimawandelSentiments.csv' does not exist: b'Data/KlimawandelSentiments.csv'
2019-06-26 10:31:22,721 no email passed on arguments... exception ignored
2019-06-26 10:31:22,724 search type: 1
2019-06-26 10:31:22,941 couldnt get the tweets data... some error ocurred:
Traceback (most recent call last):
  File "./main.py", line 89, in define_action
    return get_tweets()
  File "./main.py", line 54, in get_tweets
    return get_data()
  File "./main.py", line 45, in get_data
    term_sentiment_result = term_sentiment_analysis_loader.load_terms_sentiment_file(path + search + "Sentiments.csv")
  File "C:\Users\Alex\WebstormProjects\PropraSeite\server\DataAnalisis\term_sentiment_analysis_loader.py", line 6, in load_terms_sentiment_file
    result = pd.read_csv(path, sep=";", error_bad_lines=False)
  File "C:\Program Files (x86)\Python37-32\lib\site-packages\pandas\io\parsers.py", line 702, in parser_f
    return _read(filepath_or_buffer, kwds)
  File "C:\Program Files (x86)\Python37-32\lib\site-packages\pandas\io\parsers.py", line 429, in _read
    parser = TextFileReader(filepath_or_buffer, **kwds)
  File "C:\Program Files (x86)\Python37-32\lib\site-packages\pandas\io\parsers.py", line 895, in __init__
    self._make_engine(self.engine)
  File "C:\Program Files (x86)\Python37-32\lib\site-packages\pandas\io\parsers.py", line 1122, in _make_engine
    self._engine = CParserWrapper(self.f, **self.options)
  File "C:\Program Files (x86)\Python37-32\lib\site-packages\pandas\io\parsers.py", line 1853, in __init__
    self._reader = parsers.TextReader(src, **kwds)
  File "pandas\_libs\parsers.pyx", line 387, in pandas._libs.parsers.TextReader.__cinit__
  File "pandas\_libs\parsers.pyx", line 705, in pandas._libs.parsers.TextReader._setup_parser_source
FileNotFoundError: [Errno 2] File b'Data/FakeNewsSentiments.csv' does not exist: b'Data/FakeNewsSentiments.csv'
2019-06-26 10:34:40,488 no email passed on arguments... exception ignored
2019-06-26 10:34:40,491 search type: 1
2019-06-26 10:34:40,656 couldnt get the tweets data... some error ocurred:
Traceback (most recent call last):
  File "./main.py", line 89, in define_action
    return get_tweets()
  File "./main.py", line 54, in get_tweets
    return get_data()
  File "./main.py", line 45, in get_data
    term_sentiment_result = term_sentiment_analysis_loader.load_terms_sentiment_file(path + search + "Sentiments.csv")
  File "C:\Users\Alex\WebstormProjects\PropraSeite\server\DataAnalisis\term_sentiment_analysis_loader.py", line 6, in load_terms_sentiment_file
    result = pd.read_csv(path, sep=";", error_bad_lines=False)
  File "C:\Program Files (x86)\Python37-32\lib\site-packages\pandas\io\parsers.py", line 702, in parser_f
    return _read(filepath_or_buffer, kwds)
  File "C:\Program Files (x86)\Python37-32\lib\site-packages\pandas\io\parsers.py", line 429, in _read
    parser = TextFileReader(filepath_or_buffer, **kwds)
  File "C:\Program Files (x86)\Python37-32\lib\site-packages\pandas\io\parsers.py", line 895, in __init__
    self._make_engine(self.engine)
  File "C:\Program Files (x86)\Python37-32\lib\site-packages\pandas\io\parsers.py", line 1122, in _make_engine
    self._engine = CParserWrapper(self.f, **self.options)
  File "C:\Program Files (x86)\Python37-32\lib\site-packages\pandas\io\parsers.py", line 1853, in __init__
    self._reader = parsers.TextReader(src, **kwds)
  File "pandas\_libs\parsers.pyx", line 387, in pandas._libs.parsers.TextReader.__cinit__
  File "pandas\_libs\parsers.pyx", line 705, in pandas._libs.parsers.TextReader._setup_parser_source
FileNotFoundError: [Errno 2] File b'Data/KlimawandelSentiments.csv' does not exist: b'Data/KlimawandelSentiments.csv'
2019-06-26 10:44:47,139 no email passed on arguments... exception ignored
2019-06-26 10:44:47,140 search type: 1
2019-06-26 10:44:47,298 result: {"result":{"term":{"1558213200000":16896,"1558216800000":1,"1558220400000":0,"1558224000000":0,"1558227600000":1,"1558231200000":0,"1558234800000":0,"1558238400000":0,"1558242000000":0,"1558245600000":0,"1558249200000":0,"1558252800000":0,"1558256400000":0,"1558260000000":0,"1558263600000":193},"counted":[["#BREAKING",5],["#moms",6],["#EEUU",6],["#toddlers",6],["#MAGAmemes",7],["#maga",7],["#WAKEUPAMERICA",8],["#RT",13],["#trump",14],["#FAUXnews",14],["#ccot",17],["#tcot",30],["#kag",33],["#NATO",35]],"topuser":[["bettyblack176",11],["all_sabrina",11],["MaryFabulous3",11],["lpbrown7",12],["AmericanMom2",12],["ProfSchlitzo7",12],["Pasha_Enrik",12],["trilingual1946",12],["FLpalmtree1",12],["minamoradi2020",12],["BarleyFields1",12],["AJHolland01",13],["sueludad",13],["spooner_lindsay",13],["rawlings_cindy",13],["Sekusa1",13],["atypicalblonde",14],["Pissed_Woman",14],["JeffreyHardin15",14],["kathy_levy",15],["primfreak",15],["gnod111",16],["SearchingForTr9",16],["Eyerish13",16],["GymCoachMac",17]],"sentiment":[{"Tweet_ID": 1.1292963741497016e+18, "Sentiment": 0.75, "Time": "2019-05-17 10:03:31"},{"Tweet_ID": 1.129296389337432e+18, "Sentiment": 0.0, "Time": "2019-05-17 10:03:35"}]}}
2019-06-26 10:45:19,948 no email passed on arguments... exception ignored
2019-06-26 10:45:19,950 search type: 1
2019-06-26 10:45:20,193 result: {"result":{"term":{"1558213200000":16896,"1558216800000":1,"1558220400000":0,"1558224000000":0,"1558227600000":1,"1558231200000":0,"1558234800000":0,"1558238400000":0,"1558242000000":0,"1558245600000":0,"1558249200000":0,"1558252800000":0,"1558256400000":0,"1558260000000":0,"1558263600000":193},"counted":[["#BREAKING",5],["#moms",6],["#EEUU",6],["#toddlers",6],["#MAGAmemes",7],["#maga",7],["#WAKEUPAMERICA",8],["#RT",13],["#trump",14],["#FAUXnews",14],["#ccot",17],["#tcot",30],["#kag",33],["#NATO",35]],"topuser":[["bettyblack176",11],["all_sabrina",11],["MaryFabulous3",11],["lpbrown7",12],["AmericanMom2",12],["ProfSchlitzo7",12],["Pasha_Enrik",12],["trilingual1946",12],["FLpalmtree1",12],["minamoradi2020",12],["BarleyFields1",12],["AJHolland01",13],["sueludad",13],["spooner_lindsay",13],["rawlings_cindy",13],["Sekusa1",13],["atypicalblonde",14],["Pissed_Woman",14],["JeffreyHardin15",14],["kathy_levy",15],["primfreak",15],["gnod111",16],["SearchingForTr9",16],["Eyerish13",16],["GymCoachMac",17]],"sentiment":[{"Tweet_ID": 1.1292963741497016e+18, "Sentiment": 0.75, "Time": "2019-05-17 10:03:31"},{"Tweet_ID": 1.129296389337432e+18, "Sentiment": 0.0, "Time": "2019-05-17 10:03:35"}]}}
2019-06-26 10:46:28,455 no email passed on arguments... exception ignored
2019-06-26 10:46:28,458 search type: 1
2019-06-26 10:46:28,651 result: {"result":{"term":{"1558213200000":16896,"1558216800000":1,"1558220400000":0,"1558224000000":0,"1558227600000":1,"1558231200000":0,"1558234800000":0,"1558238400000":0,"1558242000000":0,"1558245600000":0,"1558249200000":0,"1558252800000":0,"1558256400000":0,"1558260000000":0,"1558263600000":193},"counted":[["#BREAKING",5],["#moms",6],["#EEUU",6],["#toddlers",6],["#MAGAmemes",7],["#maga",7],["#WAKEUPAMERICA",8],["#RT",13],["#trump",14],["#FAUXnews",14],["#ccot",17],["#tcot",30],["#kag",33],["#NATO",35]],"topuser":[["bettyblack176",11],["all_sabrina",11],["MaryFabulous3",11],["lpbrown7",12],["AmericanMom2",12],["ProfSchlitzo7",12],["Pasha_Enrik",12],["trilingual1946",12],["FLpalmtree1",12],["minamoradi2020",12],["BarleyFields1",12],["AJHolland01",13],["sueludad",13],["spooner_lindsay",13],["rawlings_cindy",13],["Sekusa1",13],["atypicalblonde",14],["Pissed_Woman",14],["JeffreyHardin15",14],["kathy_levy",15],["primfreak",15],["gnod111",16],["SearchingForTr9",16],["Eyerish13",16],["GymCoachMac",17]],"sentiment":[{"Tweet_ID": 1.1292963741497016e+18, "Sentiment": 0.75, "Time": "2019-05-17 10:03:31"},{"Tweet_ID": 1.129296389337432e+18, "Sentiment": 0.0, "Time": "2019-05-17 10:03:35"}]}}
2019-06-26 10:46:50,534 no email passed on arguments... exception ignored
2019-06-26 10:46:50,538 search type: 1
2019-06-26 10:46:50,714 result: {"result":{"term":{"1558213200000":16896,"1558216800000":1,"1558220400000":0,"1558224000000":0,"1558227600000":1,"1558231200000":0,"1558234800000":0,"1558238400000":0,"1558242000000":0,"1558245600000":0,"1558249200000":0,"1558252800000":0,"1558256400000":0,"1558260000000":0,"1558263600000":193},"counted":[["#BREAKING",5],["#moms",6],["#EEUU",6],["#toddlers",6],["#MAGAmemes",7],["#maga",7],["#WAKEUPAMERICA",8],["#RT",13],["#trump",14],["#FAUXnews",14],["#ccot",17],["#tcot",30],["#kag",33],["#NATO",35]],"topuser":[["bettyblack176",11],["all_sabrina",11],["MaryFabulous3",11],["lpbrown7",12],["AmericanMom2",12],["ProfSchlitzo7",12],["Pasha_Enrik",12],["trilingual1946",12],["FLpalmtree1",12],["minamoradi2020",12],["BarleyFields1",12],["AJHolland01",13],["sueludad",13],["spooner_lindsay",13],["rawlings_cindy",13],["Sekusa1",13],["atypicalblonde",14],["Pissed_Woman",14],["JeffreyHardin15",14],["kathy_levy",15],["primfreak",15],["gnod111",16],["SearchingForTr9",16],["Eyerish13",16],["GymCoachMac",17]],"sentiment":[{"Tweet_ID": 1.1292963741497016e+18, "Sentiment": 0.75, "Time": "2019-05-17 10:03:31"},{"Tweet_ID": 1.129296389337432e+18, "Sentiment": 0.0, "Time": "2019-05-17 10:03:35"}]}}
2019-06-26 11:11:37,800 no email passed on arguments... exception ignored
2019-06-26 11:11:37,802 search type: 1
2019-06-26 11:11:38,000 result: {"result":{"term":{"1558213200000":16896,"1558216800000":1,"1558220400000":0,"1558224000000":0,"1558227600000":1,"1558231200000":0,"1558234800000":0,"1558238400000":0,"1558242000000":0,"1558245600000":0,"1558249200000":0,"1558252800000":0,"1558256400000":0,"1558260000000":0,"1558263600000":193},"counted":[["#BREAKING",5],["#moms",6],["#EEUU",6],["#toddlers",6],["#MAGAmemes",7],["#maga",7],["#WAKEUPAMERICA",8],["#RT",13],["#trump",14],["#FAUXnews",14],["#ccot",17],["#tcot",30],["#kag",33],["#NATO",35]],"topuser":[["bettyblack176",11],["all_sabrina",11],["MaryFabulous3",11],["lpbrown7",12],["AmericanMom2",12],["ProfSchlitzo7",12],["Pasha_Enrik",12],["trilingual1946",12],["FLpalmtree1",12],["minamoradi2020",12],["BarleyFields1",12],["AJHolland01",13],["sueludad",13],["spooner_lindsay",13],["rawlings_cindy",13],["Sekusa1",13],["atypicalblonde",14],["Pissed_Woman",14],["JeffreyHardin15",14],["kathy_levy",15],["primfreak",15],["gnod111",16],["SearchingForTr9",16],["Eyerish13",16],["GymCoachMac",17]],"sentiment":[{"Tweet_ID": 1.1292963741497016e+18, "Sentiment": 0.75, "Time": "2019-05-17 10:03:31"},{"Tweet_ID": 1.129296389337432e+18, "Sentiment": 0.0, "Time": "2019-05-17 10:03:35"}]}}
2019-06-26 11:13:20,368 no email passed on arguments... exception ignored
2019-06-26 11:13:20,372 search type: 1
2019-06-26 11:13:20,564 result: {"result":{"term":{"1558213200000":16896,"1558216800000":1,"1558220400000":0,"1558224000000":0,"1558227600000":1,"1558231200000":0,"1558234800000":0,"1558238400000":0,"1558242000000":0,"1558245600000":0,"1558249200000":0,"1558252800000":0,"1558256400000":0,"1558260000000":0,"1558263600000":193},"counted":[["#BREAKING",5],["#moms",6],["#EEUU",6],["#toddlers",6],["#MAGAmemes",7],["#maga",7],["#WAKEUPAMERICA",8],["#RT",13],["#trump",14],["#FAUXnews",14],["#ccot",17],["#tcot",30],["#kag",33],["#NATO",35]],"topuser":[["bettyblack176",11],["all_sabrina",11],["MaryFabulous3",11],["lpbrown7",12],["AmericanMom2",12],["ProfSchlitzo7",12],["Pasha_Enrik",12],["trilingual1946",12],["FLpalmtree1",12],["minamoradi2020",12],["BarleyFields1",12],["AJHolland01",13],["sueludad",13],["spooner_lindsay",13],["rawlings_cindy",13],["Sekusa1",13],["atypicalblonde",14],["Pissed_Woman",14],["JeffreyHardin15",14],["kathy_levy",15],["primfreak",15],["gnod111",16],["SearchingForTr9",16],["Eyerish13",16],["GymCoachMac",17]],"sentiment":[{"Tweet_ID": 1.1292963741497016e+18, "Sentiment": 0.75, "Time": "2019-05-17 10:03:31"},{"Tweet_ID": 1.129296389337432e+18, "Sentiment": 0.0, "Time": "2019-05-17 10:03:35"}]}}
2019-06-26 11:13:54,644 no email passed on arguments... exception ignored
2019-06-26 11:13:54,647 search type: 1
2019-06-26 11:13:54,811 result: {"result":{"term":{"1558213200000":16896,"1558216800000":1,"1558220400000":0,"1558224000000":0,"1558227600000":1,"1558231200000":0,"1558234800000":0,"1558238400000":0,"1558242000000":0,"1558245600000":0,"1558249200000":0,"1558252800000":0,"1558256400000":0,"1558260000000":0,"1558263600000":193},"counted":[["#BREAKING",5],["#moms",6],["#EEUU",6],["#toddlers",6],["#MAGAmemes",7],["#maga",7],["#WAKEUPAMERICA",8],["#RT",13],["#trump",14],["#FAUXnews",14],["#ccot",17],["#tcot",30],["#kag",33],["#NATO",35]],"topuser":[["bettyblack176",11],["all_sabrina",11],["MaryFabulous3",11],["lpbrown7",12],["AmericanMom2",12],["ProfSchlitzo7",12],["Pasha_Enrik",12],["trilingual1946",12],["FLpalmtree1",12],["minamoradi2020",12],["BarleyFields1",12],["AJHolland01",13],["sueludad",13],["spooner_lindsay",13],["rawlings_cindy",13],["Sekusa1",13],["atypicalblonde",14],["Pissed_Woman",14],["JeffreyHardin15",14],["kathy_levy",15],["primfreak",15],["gnod111",16],["SearchingForTr9",16],["Eyerish13",16],["GymCoachMac",17]],"sentiment":[{"Tweet_ID": 1.1292963741497016e+18, "Sentiment": 0.75, "Time": "2019-05-17 10:03:31"},{"Tweet_ID": 1.129296389337432e+18, "Sentiment": 0.0, "Time": "2019-05-17 10:03:35"}]}}
2019-06-26 11:16:18,043 no email passed on arguments... exception ignored
2019-06-26 11:16:18,045 search type: 1
2019-06-26 11:16:18,220 result: {"result":{"term":{"1558213200000":16896,"1558216800000":1,"1558220400000":0,"1558224000000":0,"1558227600000":1,"1558231200000":0,"1558234800000":0,"1558238400000":0,"1558242000000":0,"1558245600000":0,"1558249200000":0,"1558252800000":0,"1558256400000":0,"1558260000000":0,"1558263600000":193},"counted":[["#BREAKING",5],["#moms",6],["#EEUU",6],["#toddlers",6],["#MAGAmemes",7],["#maga",7],["#WAKEUPAMERICA",8],["#RT",13],["#trump",14],["#FAUXnews",14],["#ccot",17],["#tcot",30],["#kag",33],["#NATO",35]],"topuser":[["bettyblack176",11],["all_sabrina",11],["MaryFabulous3",11],["lpbrown7",12],["AmericanMom2",12],["ProfSchlitzo7",12],["Pasha_Enrik",12],["trilingual1946",12],["FLpalmtree1",12],["minamoradi2020",12],["BarleyFields1",12],["AJHolland01",13],["sueludad",13],["spooner_lindsay",13],["rawlings_cindy",13],["Sekusa1",13],["atypicalblonde",14],["Pissed_Woman",14],["JeffreyHardin15",14],["kathy_levy",15],["primfreak",15],["gnod111",16],["SearchingForTr9",16],["Eyerish13",16],["GymCoachMac",17]],"sentiment":[{"Tweet_ID": 1.1292963741497016e+18, "Sentiment": 0.75, "Time": "2019-05-17 10:03:31"},{"Tweet_ID": 1.129296389337432e+18, "Sentiment": 0.0, "Time": "2019-05-17 10:03:35"}]}}
2019-06-26 11:17:25,316 no email passed on arguments... exception ignored
2019-06-26 11:17:25,317 search type: 1
2019-06-26 11:17:25,481 result: {"result":{"term":{"1558213200000":16896,"1558216800000":1,"1558220400000":0,"1558224000000":0,"1558227600000":1,"1558231200000":0,"1558234800000":0,"1558238400000":0,"1558242000000":0,"1558245600000":0,"1558249200000":0,"1558252800000":0,"1558256400000":0,"1558260000000":0,"1558263600000":193},"counted":[["#BREAKING",5],["#moms",6],["#EEUU",6],["#toddlers",6],["#MAGAmemes",7],["#maga",7],["#WAKEUPAMERICA",8],["#RT",13],["#trump",14],["#FAUXnews",14],["#ccot",17],["#tcot",30],["#kag",33],["#NATO",35]],"topuser":[["bettyblack176",11],["all_sabrina",11],["MaryFabulous3",11],["lpbrown7",12],["AmericanMom2",12],["ProfSchlitzo7",12],["Pasha_Enrik",12],["trilingual1946",12],["FLpalmtree1",12],["minamoradi2020",12],["BarleyFields1",12],["AJHolland01",13],["sueludad",13],["spooner_lindsay",13],["rawlings_cindy",13],["Sekusa1",13],["atypicalblonde",14],["Pissed_Woman",14],["JeffreyHardin15",14],["kathy_levy",15],["primfreak",15],["gnod111",16],["SearchingForTr9",16],["Eyerish13",16],["GymCoachMac",17]],"sentiment":[{"Tweet_ID": 1.1292963741497016e+18, "Sentiment": 0.75, "Time": "2019-05-17 10:03:31"},{"Tweet_ID": 1.129296389337432e+18, "Sentiment": 0.0, "Time": "2019-05-17 10:03:35"}]}}
2019-06-26 11:17:39,656 no email passed on arguments... exception ignored
2019-06-26 11:17:39,658 search type: 1
2019-06-26 11:17:39,850 couldnt get the tweets data... some error ocurred:
Traceback (most recent call last):
  File "./main.py", line 89, in define_action
    return get_tweets()
  File "./main.py", line 54, in get_tweets
    return get_data()
  File "./main.py", line 45, in get_data
    term_sentiment_result = term_sentiment_analysis_loader.load_terms_sentiment_file(path + search + "Sentiments.csv")
  File "C:\Users\Alex\WebstormProjects\PropraSeite\server\DataAnalisis\term_sentiment_analysis_loader.py", line 6, in load_terms_sentiment_file
    result = pd.read_csv(path, sep=";", error_bad_lines=False)
  File "C:\Program Files (x86)\Python37-32\lib\site-packages\pandas\io\parsers.py", line 702, in parser_f
    return _read(filepath_or_buffer, kwds)
  File "C:\Program Files (x86)\Python37-32\lib\site-packages\pandas\io\parsers.py", line 429, in _read
    parser = TextFileReader(filepath_or_buffer, **kwds)
  File "C:\Program Files (x86)\Python37-32\lib\site-packages\pandas\io\parsers.py", line 895, in __init__
    self._make_engine(self.engine)
  File "C:\Program Files (x86)\Python37-32\lib\site-packages\pandas\io\parsers.py", line 1122, in _make_engine
    self._engine = CParserWrapper(self.f, **self.options)
  File "C:\Program Files (x86)\Python37-32\lib\site-packages\pandas\io\parsers.py", line 1853, in __init__
    self._reader = parsers.TextReader(src, **kwds)
  File "pandas\_libs\parsers.pyx", line 387, in pandas._libs.parsers.TextReader.__cinit__
  File "pandas\_libs\parsers.pyx", line 705, in pandas._libs.parsers.TextReader._setup_parser_source
FileNotFoundError: [Errno 2] File b'Data/KlimawandelSentiments.csv' does not exist: b'Data/KlimawandelSentiments.csv'
2019-06-26 11:24:07,529 no email passed on arguments... exception ignored
2019-06-26 11:24:07,532 search type: 1
2019-06-26 11:24:07,697 result: {"result":{"term":{"1558213200000":16896,"1558216800000":1,"1558220400000":0,"1558224000000":0,"1558227600000":1,"1558231200000":0,"1558234800000":0,"1558238400000":0,"1558242000000":0,"1558245600000":0,"1558249200000":0,"1558252800000":0,"1558256400000":0,"1558260000000":0,"1558263600000":193},"counted":[["#BREAKING",5],["#moms",6],["#EEUU",6],["#toddlers",6],["#MAGAmemes",7],["#maga",7],["#WAKEUPAMERICA",8],["#RT",13],["#trump",14],["#FAUXnews",14],["#ccot",17],["#tcot",30],["#kag",33],["#NATO",35]],"topuser":[["bettyblack176",11],["all_sabrina",11],["MaryFabulous3",11],["lpbrown7",12],["AmericanMom2",12],["ProfSchlitzo7",12],["Pasha_Enrik",12],["trilingual1946",12],["FLpalmtree1",12],["minamoradi2020",12],["BarleyFields1",12],["AJHolland01",13],["sueludad",13],["spooner_lindsay",13],["rawlings_cindy",13],["Sekusa1",13],["atypicalblonde",14],["Pissed_Woman",14],["JeffreyHardin15",14],["kathy_levy",15],["primfreak",15],["gnod111",16],["SearchingForTr9",16],["Eyerish13",16],["GymCoachMac",17]],"sentiment":[{"Tweet_ID": 1.1292963741497016e+18, "Sentiment": 0.75, "Time": "2019-05-17 10:03:31"},{"Tweet_ID": 1.129296389337432e+18, "Sentiment": 0.0, "Time": "2019-05-17 10:03:35"}]}}
2019-06-26 11:26:42,940 no email passed on arguments... exception ignored
2019-06-26 11:26:42,943 search type: 1
2019-06-26 11:26:43,123 result: {"result":{"term":{"1558213200000":16896,"1558216800000":1,"1558220400000":0,"1558224000000":0,"1558227600000":1,"1558231200000":0,"1558234800000":0,"1558238400000":0,"1558242000000":0,"1558245600000":0,"1558249200000":0,"1558252800000":0,"1558256400000":0,"1558260000000":0,"1558263600000":193},"counted":[["#BREAKING",5],["#moms",6],["#EEUU",6],["#toddlers",6],["#MAGAmemes",7],["#maga",7],["#WAKEUPAMERICA",8],["#RT",13],["#trump",14],["#FAUXnews",14],["#ccot",17],["#tcot",30],["#kag",33],["#NATO",35]],"topuser":[["bettyblack176",11],["all_sabrina",11],["MaryFabulous3",11],["lpbrown7",12],["AmericanMom2",12],["ProfSchlitzo7",12],["Pasha_Enrik",12],["trilingual1946",12],["FLpalmtree1",12],["minamoradi2020",12],["BarleyFields1",12],["AJHolland01",13],["sueludad",13],["spooner_lindsay",13],["rawlings_cindy",13],["Sekusa1",13],["atypicalblonde",14],["Pissed_Woman",14],["JeffreyHardin15",14],["kathy_levy",15],["primfreak",15],["gnod111",16],["SearchingForTr9",16],["Eyerish13",16],["GymCoachMac",17]],"sentiment":[{"Tweet_ID": 1.1292963741497016e+18, "Sentiment": 0.75, "Time": "2019-05-17 10:03:31"},{"Tweet_ID": 1.129296389337432e+18, "Sentiment": 0.0, "Time": "2019-05-17 10:03:35"}]}}
2019-06-26 11:31:53,954 no email passed on arguments... exception ignored
2019-06-26 11:31:53,957 search type: 1
2019-06-26 11:31:54,226 result: {"result":{"term":{"1558213200000":16896,"1558216800000":1,"1558220400000":0,"1558224000000":0,"1558227600000":1,"1558231200000":0,"1558234800000":0,"1558238400000":0,"1558242000000":0,"1558245600000":0,"1558249200000":0,"1558252800000":0,"1558256400000":0,"1558260000000":0,"1558263600000":193},"counted":[["#BREAKING",5],["#moms",6],["#EEUU",6],["#toddlers",6],["#MAGAmemes",7],["#maga",7],["#WAKEUPAMERICA",8],["#RT",13],["#trump",14],["#FAUXnews",14],["#ccot",17],["#tcot",30],["#kag",33],["#NATO",35]],"topuser":[["bettyblack176",11],["all_sabrina",11],["MaryFabulous3",11],["lpbrown7",12],["AmericanMom2",12],["ProfSchlitzo7",12],["Pasha_Enrik",12],["trilingual1946",12],["FLpalmtree1",12],["minamoradi2020",12],["BarleyFields1",12],["AJHolland01",13],["sueludad",13],["spooner_lindsay",13],["rawlings_cindy",13],["Sekusa1",13],["atypicalblonde",14],["Pissed_Woman",14],["JeffreyHardin15",14],["kathy_levy",15],["primfreak",15],["gnod111",16],["SearchingForTr9",16],["Eyerish13",16],["GymCoachMac",17]],"sentiment":[{"Tweet_ID": 1.1292963741497016e+18, "Sentiment": 0.75, "Time": "2019-05-17 10:03:31"},{"Tweet_ID": 1.129296389337432e+18, "Sentiment": 0.0, "Time": "2019-05-17 10:03:35"}]}}
2019-06-26 11:32:23,962 no email passed on arguments... exception ignored
2019-06-26 11:32:23,965 search type: 1
2019-06-26 11:32:24,241 result: {"result":{"term":{"1558213200000":16896,"1558216800000":1,"1558220400000":0,"1558224000000":0,"1558227600000":1,"1558231200000":0,"1558234800000":0,"1558238400000":0,"1558242000000":0,"1558245600000":0,"1558249200000":0,"1558252800000":0,"1558256400000":0,"1558260000000":0,"1558263600000":193},"counted":[["#BREAKING",5],["#moms",6],["#EEUU",6],["#toddlers",6],["#MAGAmemes",7],["#maga",7],["#WAKEUPAMERICA",8],["#RT",13],["#trump",14],["#FAUXnews",14],["#ccot",17],["#tcot",30],["#kag",33],["#NATO",35]],"topuser":[["bettyblack176",11],["all_sabrina",11],["MaryFabulous3",11],["lpbrown7",12],["AmericanMom2",12],["ProfSchlitzo7",12],["Pasha_Enrik",12],["trilingual1946",12],["FLpalmtree1",12],["minamoradi2020",12],["BarleyFields1",12],["AJHolland01",13],["sueludad",13],["spooner_lindsay",13],["rawlings_cindy",13],["Sekusa1",13],["atypicalblonde",14],["Pissed_Woman",14],["JeffreyHardin15",14],["kathy_levy",15],["primfreak",15],["gnod111",16],["SearchingForTr9",16],["Eyerish13",16],["GymCoachMac",17]],"sentiment":[{"Tweet_ID": 1.1292963741497016e+18, "Sentiment": 0.75, "Time": "2019-05-17 10:03:31"},{"Tweet_ID": 1.129296389337432e+18, "Sentiment": 0.0, "Time": "2019-05-17 10:03:35"}]}}
2019-06-26 11:33:03,362 no email passed on arguments... exception ignored
2019-06-26 11:33:03,365 search type: 1
2019-06-26 11:33:03,614 result: {"result":{"term":{"1558213200000":16896,"1558216800000":1,"1558220400000":0,"1558224000000":0,"1558227600000":1,"1558231200000":0,"1558234800000":0,"1558238400000":0,"1558242000000":0,"1558245600000":0,"1558249200000":0,"1558252800000":0,"1558256400000":0,"1558260000000":0,"1558263600000":193},"counted":[["#BREAKING",5],["#moms",6],["#EEUU",6],["#toddlers",6],["#MAGAmemes",7],["#maga",7],["#WAKEUPAMERICA",8],["#RT",13],["#trump",14],["#FAUXnews",14],["#ccot",17],["#tcot",30],["#kag",33],["#NATO",35]],"topuser":[["bettyblack176",11],["all_sabrina",11],["MaryFabulous3",11],["lpbrown7",12],["AmericanMom2",12],["ProfSchlitzo7",12],["Pasha_Enrik",12],["trilingual1946",12],["FLpalmtree1",12],["minamoradi2020",12],["BarleyFields1",12],["AJHolland01",13],["sueludad",13],["spooner_lindsay",13],["rawlings_cindy",13],["Sekusa1",13],["atypicalblonde",14],["Pissed_Woman",14],["JeffreyHardin15",14],["kathy_levy",15],["primfreak",15],["gnod111",16],["SearchingForTr9",16],["Eyerish13",16],["GymCoachMac",17]],"sentiment":[{"Tweet_ID": 1.1292963741497016e+18, "Sentiment": 0.75, "Time": "2019-05-17 10:03:31"},{"Tweet_ID": 1.129296389337432e+18, "Sentiment": 0.0, "Time": "2019-05-17 10:03:35"}]}}
2019-06-26 11:33:59,084 no email passed on arguments... exception ignored
2019-06-26 11:33:59,087 search type: 1
2019-06-26 11:33:59,265 result: {"result":{"term":{"1558213200000":16896,"1558216800000":1,"1558220400000":0,"1558224000000":0,"1558227600000":1,"1558231200000":0,"1558234800000":0,"1558238400000":0,"1558242000000":0,"1558245600000":0,"1558249200000":0,"1558252800000":0,"1558256400000":0,"1558260000000":0,"1558263600000":193},"counted":[["#BREAKING",5],["#moms",6],["#EEUU",6],["#toddlers",6],["#MAGAmemes",7],["#maga",7],["#WAKEUPAMERICA",8],["#RT",13],["#trump",14],["#FAUXnews",14],["#ccot",17],["#tcot",30],["#kag",33],["#NATO",35]],"topuser":[["bettyblack176",11],["all_sabrina",11],["MaryFabulous3",11],["lpbrown7",12],["AmericanMom2",12],["ProfSchlitzo7",12],["Pasha_Enrik",12],["trilingual1946",12],["FLpalmtree1",12],["minamoradi2020",12],["BarleyFields1",12],["AJHolland01",13],["sueludad",13],["spooner_lindsay",13],["rawlings_cindy",13],["Sekusa1",13],["atypicalblonde",14],["Pissed_Woman",14],["JeffreyHardin15",14],["kathy_levy",15],["primfreak",15],["gnod111",16],["SearchingForTr9",16],["Eyerish13",16],["GymCoachMac",17]],"sentiment":[{"Tweet_ID": 1.1292963741497016e+18, "Sentiment": 0.75, "Time": "2019-05-17 10:03:31"},{"Tweet_ID": 1.129296389337432e+18, "Sentiment": 0.0, "Time": "2019-05-17 10:03:35"}]}}
2019-06-26 11:34:11,494 search type: 2
2019-06-26 11:34:11,784 started sending message
2019-06-26 11:34:11,784 Starting to compose the message to be send...
2019-06-26 11:34:11,785 Term Data is ready!
2019-06-26 11:34:11,790 Top Users Data is ready!
2019-06-26 11:34:11,794 Tweets counted Data is ready!
2019-06-26 11:34:11,795 Finished building the message to be send...
2019-06-26 11:34:13,081 couldnt send_message... some error ocurred: 
Traceback (most recent call last):
  File "./main.py", line 95, in define_action
    return send_message()
  File "./main.py", line 70, in send_message
    term_result, term_topuser_result, term_sentiment_result, term_counted_result, search)
  File "C:\Users\Alex\WebstormProjects\PropraSeite\server\Utilities\message_sender.py", line 206, in send_mail
    server.login(sender_email, password)
  File "C:\Program Files (x86)\Python37-32\lib\smtplib.py", line 730, in login
    raise last_exception
  File "C:\Program Files (x86)\Python37-32\lib\smtplib.py", line 721, in login
    initial_response_ok=initial_response_ok)
  File "C:\Program Files (x86)\Python37-32\lib\smtplib.py", line 642, in auth
    raise SMTPAuthenticationError(code, resp)
smtplib.SMTPAuthenticationError: (534, b'5.7.14 <https://accounts.google.com/signin/continue?sarp=1&scc=1&plt=AKgnsbsC\n5.7.14 QoJkZEp8LSokpYIxkx3uJ5mQ7xnGvz8SyW1IF68fbbDHUr3Nj1BUmRkDSRmT3_zYk0k_J5\n5.7.14 NDhb2pdSmTJAPfMmjzHZt6l9AjjmoEeCulehtFwsg6VbeYkuN-ItJ6pL4vQMtd> Please\n5.7.14 log in via your web browser and then try again.\n5.7.14  Learn more at\n5.7.14  https://support.google.com/mail/answer/78754 o8sm15727013wrj.71 - gsmtp')
2019-06-26 11:37:07,622 no email passed on arguments... exception ignored
2019-06-26 11:37:07,624 search type: 1
2019-06-26 11:37:07,882 result: {"result":{"term":{"1558213200000":16896,"1558216800000":1,"1558220400000":0,"1558224000000":0,"1558227600000":1,"1558231200000":0,"1558234800000":0,"1558238400000":0,"1558242000000":0,"1558245600000":0,"1558249200000":0,"1558252800000":0,"1558256400000":0,"1558260000000":0,"1558263600000":193},"counted":[["#BREAKING",5],["#moms",6],["#EEUU",6],["#toddlers",6],["#MAGAmemes",7],["#maga",7],["#WAKEUPAMERICA",8],["#RT",13],["#trump",14],["#FAUXnews",14],["#ccot",17],["#tcot",30],["#kag",33],["#NATO",35]],"topuser":[["bettyblack176",11],["all_sabrina",11],["MaryFabulous3",11],["lpbrown7",12],["AmericanMom2",12],["ProfSchlitzo7",12],["Pasha_Enrik",12],["trilingual1946",12],["FLpalmtree1",12],["minamoradi2020",12],["BarleyFields1",12],["AJHolland01",13],["sueludad",13],["spooner_lindsay",13],["rawlings_cindy",13],["Sekusa1",13],["atypicalblonde",14],["Pissed_Woman",14],["JeffreyHardin15",14],["kathy_levy",15],["primfreak",15],["gnod111",16],["SearchingForTr9",16],["Eyerish13",16],["GymCoachMac",17]],"sentiment":[{"Tweet_ID": 1.1292963741497016e+18, "Sentiment": 0.75, "Time": "2019-05-17 10:03:31"},{"Tweet_ID": 1.129296389337432e+18, "Sentiment": 0.0, "Time": "2019-05-17 10:03:35"}]}}
2019-06-26 11:37:16,515 search type: 2
2019-06-26 11:37:16,933 started sending message
2019-06-26 11:37:16,933 Starting to compose the message to be send...
2019-06-26 11:37:16,934 Term Data is ready!
2019-06-26 11:37:16,937 Top Users Data is ready!
2019-06-26 11:37:16,940 Tweets counted Data is ready!
2019-06-26 11:37:16,940 Finished building the message to be send...
2019-06-26 11:37:18,066 couldnt send_message... some error ocurred: 
Traceback (most recent call last):
  File "./main.py", line 95, in define_action
    return send_message()
  File "./main.py", line 70, in send_message
    term_result, term_topuser_result, term_sentiment_result, term_counted_result, search)
  File "C:\Users\Alex\WebstormProjects\PropraSeite\server\Utilities\message_sender.py", line 206, in send_mail
    server.login(sender_email, password)
  File "C:\Program Files (x86)\Python37-32\lib\smtplib.py", line 730, in login
    raise last_exception
  File "C:\Program Files (x86)\Python37-32\lib\smtplib.py", line 721, in login
    initial_response_ok=initial_response_ok)
  File "C:\Program Files (x86)\Python37-32\lib\smtplib.py", line 642, in auth
    raise SMTPAuthenticationError(code, resp)
smtplib.SMTPAuthenticationError: (534, b'5.7.14 <https://accounts.google.com/signin/continue?sarp=1&scc=1&plt=AKgnsbs8\n5.7.14 1pudX-qu4SeazOBFOmidGsbtPzMnomSJne4OAKmaRLuOLyaJU8khO30ztEkS9sPLL4ElZP\n5.7.14 M2n0PgYNIBYE4ylT0NTqZmjugcxZ4IP2HBm7FtgY7vg6kzpQKHq4wPDo5F2aqX> Please\n5.7.14 log in via your web browser and then try again.\n5.7.14  Learn more at\n5.7.14  https://support.google.com/mail/answer/78754 s8sm21153360wra.55 - gsmtp')
2019-06-26 11:41:53,326 search type: 2
2019-06-26 11:41:53,524 started sending message
2019-06-26 11:41:53,525 Starting to compose the message to be send...
2019-06-26 11:41:53,526 Term Data is ready!
2019-06-26 11:41:53,528 Top Users Data is ready!
2019-06-26 11:41:53,533 Tweets counted Data is ready!
2019-06-26 11:41:53,533 Finished building the message to be send...
2019-06-26 11:41:54,541 couldnt send_message... some error ocurred: 
Traceback (most recent call last):
  File "C:/Users/Alex/WebstormProjects/PropraSeite/server/main.py", line 95, in define_action
    return send_message()
  File "C:/Users/Alex/WebstormProjects/PropraSeite/server/main.py", line 70, in send_message
    term_result, term_topuser_result, term_sentiment_result, term_counted_result, search)
  File "C:\Users\Alex\WebstormProjects\PropraSeite\server\Utilities\message_sender.py", line 206, in send_mail
    server.login(sender_email, password)
  File "C:\Program Files (x86)\Python37-32\lib\smtplib.py", line 730, in login
    raise last_exception
  File "C:\Program Files (x86)\Python37-32\lib\smtplib.py", line 721, in login
    initial_response_ok=initial_response_ok)
  File "C:\Program Files (x86)\Python37-32\lib\smtplib.py", line 642, in auth
    raise SMTPAuthenticationError(code, resp)
smtplib.SMTPAuthenticationError: (534, b'5.7.14 <https://accounts.google.com/signin/continue?sarp=1&scc=1&plt=AKgnsbvt\n5.7.14 AiRwlpQ5t9gNCY445ezLFgysC3GZzGcZ4hjjnjaa6v19LfY5Vti3H4HmP7FpS5hsjgTG1d\n5.7.14 MVEahFNBqaOKbYrXYnvlclsNh5tbI9fCmqUtiZGj-XlKlHcQhUfyoSn4IIJuFu> Please\n5.7.14 log in via your web browser and then try again.\n5.7.14  Learn more at\n5.7.14  https://support.google.com/mail/answer/78754 h133sm1255836wme.28 - gsmtp')
2019-06-26 11:46:37,617 search type: 2
2019-06-26 11:46:37,824 started sending message
2019-06-26 11:46:37,824 Starting to compose the message to be send...
2019-06-26 11:46:37,824 Term Data is ready!
2019-06-26 11:46:37,827 Top Users Data is ready!
2019-06-26 11:46:37,830 Tweets counted Data is ready!
2019-06-26 11:46:37,830 Finished building the message to be send...
2019-06-26 11:46:38,745 couldnt send_message... some error ocurred: 
Traceback (most recent call last):
  File "C:/Users/Alex/WebstormProjects/PropraSeite/server/main.py", line 95, in define_action
    return send_message()
  File "C:/Users/Alex/WebstormProjects/PropraSeite/server/main.py", line 70, in send_message
    term_result, term_topuser_result, term_sentiment_result, term_counted_result, search)
  File "C:\Users\Alex\WebstormProjects\PropraSeite\server\Utilities\message_sender.py", line 206, in send_mail
    server.login(sender_email, password)
  File "C:\Program Files (x86)\Python37-32\lib\smtplib.py", line 730, in login
    raise last_exception
  File "C:\Program Files (x86)\Python37-32\lib\smtplib.py", line 721, in login
    initial_response_ok=initial_response_ok)
  File "C:\Program Files (x86)\Python37-32\lib\smtplib.py", line 642, in auth
    raise SMTPAuthenticationError(code, resp)
smtplib.SMTPAuthenticationError: (534, b'5.7.14 <https://accounts.google.com/signin/continue?sarp=1&scc=1&plt=AKgnsbsP\n5.7.14 uR-LcSUAyn_spkV99vmufjqe6JC6LArtfAwPSujor4NXWOz_OqNyu9VY0tKCFLzBjvuCvG\n5.7.14 zTzsGBtNyfJmGZwj1tkD3EbL3K96OphrpwjqeIzk4oE1aC2Gotbz27RY7eAjoZ> Please\n5.7.14 log in via your web browser and then try again.\n5.7.14  Learn more at\n5.7.14  https://support.google.com/mail/answer/78754 l1sm46656709wrf.46 - gsmtp')
2019-06-26 11:51:15,115 search type: 2
2019-06-26 11:51:15,305 started sending message
2019-06-26 11:51:15,306 Starting to compose the message to be send...
2019-06-26 11:51:15,306 Term Data is ready!
2019-06-26 11:51:15,309 Top Users Data is ready!
2019-06-26 11:51:15,311 Tweets counted Data is ready!
2019-06-26 11:51:15,311 Finished building the message to be send...
2019-06-26 11:51:16,275 couldnt send_message... some error ocurred: 
Traceback (most recent call last):
  File "C:/Users/Alex/WebstormProjects/PropraSeite/server/main.py", line 115, in define_action
    return send_message()
  File "C:/Users/Alex/WebstormProjects/PropraSeite/server/main.py", line 90, in send_message
    term_result, term_topuser_result, term_sentiment_result, term_counted_result, search)
  File "C:\Users\Alex\WebstormProjects\PropraSeite\server\Utilities\message_sender.py", line 206, in send_mail
    server.login(sender_email, password)
  File "C:\Program Files (x86)\Python37-32\lib\smtplib.py", line 730, in login
    raise last_exception
  File "C:\Program Files (x86)\Python37-32\lib\smtplib.py", line 721, in login
    initial_response_ok=initial_response_ok)
  File "C:\Program Files (x86)\Python37-32\lib\smtplib.py", line 642, in auth
    raise SMTPAuthenticationError(code, resp)
smtplib.SMTPAuthenticationError: (534, b'5.7.14 <https://accounts.google.com/signin/continue?sarp=1&scc=1&plt=AKgnsbtd\n5.7.14 Vhig7Y4Vgw47oDLvhBVR6p6F-ngq_uup4YUzFRwa9dgvl3tighlnXTN-0Hc-FQ4Oxc3dwR\n5.7.14 CPUBDWmN6nSKXXexC_qMKurqs_zqJj3x8VuNKK-TsfkjSDHV20jZ3xnW1V5g2Q> Please\n5.7.14 log in via your web browser and then try again.\n5.7.14  Learn more at\n5.7.14  https://support.google.com/mail/answer/78754 u6sm1567432wml.9 - gsmtp')
2019-06-26 12:00:34,234 no email passed on arguments... exception ignored
2019-06-26 12:00:34,236 search type: 1
2019-06-26 12:00:34,438 result: {"result":{"term":{"1558213200000":16896,"1558216800000":1,"1558220400000":0,"1558224000000":0,"1558227600000":1,"1558231200000":0,"1558234800000":0,"1558238400000":0,"1558242000000":0,"1558245600000":0,"1558249200000":0,"1558252800000":0,"1558256400000":0,"1558260000000":0,"1558263600000":193},"counted":[["#BREAKING",5],["#moms",6],["#EEUU",6],["#toddlers",6],["#MAGAmemes",7],["#maga",7],["#WAKEUPAMERICA",8],["#RT",13],["#trump",14],["#FAUXnews",14],["#ccot",17],["#tcot",30],["#kag",33],["#NATO",35]],"topuser":[["bettyblack176",11],["all_sabrina",11],["MaryFabulous3",11],["lpbrown7",12],["AmericanMom2",12],["ProfSchlitzo7",12],["Pasha_Enrik",12],["trilingual1946",12],["FLpalmtree1",12],["minamoradi2020",12],["BarleyFields1",12],["AJHolland01",13],["sueludad",13],["spooner_lindsay",13],["rawlings_cindy",13],["Sekusa1",13],["atypicalblonde",14],["Pissed_Woman",14],["JeffreyHardin15",14],["kathy_levy",15],["primfreak",15],["gnod111",16],["SearchingForTr9",16],["Eyerish13",16],["GymCoachMac",17]],"sentiment":[{"Tweet_ID": 1.1292963741497016e+18, "Sentiment": 0.75, "Time": "2019-05-17 10:03:31"},{"Tweet_ID": 1.129296389337432e+18, "Sentiment": 0.0, "Time": "2019-05-17 10:03:35"}]}}
2019-06-26 12:03:10,725 no email passed on arguments... exception ignored
2019-06-26 12:03:10,729 search type: 1
2019-06-26 12:03:10,925 result: {"result":{"term":{"1558213200000":16896,"1558216800000":1,"1558220400000":0,"1558224000000":0,"1558227600000":1,"1558231200000":0,"1558234800000":0,"1558238400000":0,"1558242000000":0,"1558245600000":0,"1558249200000":0,"1558252800000":0,"1558256400000":0,"1558260000000":0,"1558263600000":193},"counted":[["#BREAKING",5],["#moms",6],["#EEUU",6],["#toddlers",6],["#MAGAmemes",7],["#maga",7],["#WAKEUPAMERICA",8],["#RT",13],["#trump",14],["#FAUXnews",14],["#ccot",17],["#tcot",30],["#kag",33],["#NATO",35]],"topuser":[["bettyblack176",11],["all_sabrina",11],["MaryFabulous3",11],["lpbrown7",12],["AmericanMom2",12],["ProfSchlitzo7",12],["Pasha_Enrik",12],["trilingual1946",12],["FLpalmtree1",12],["minamoradi2020",12],["BarleyFields1",12],["AJHolland01",13],["sueludad",13],["spooner_lindsay",13],["rawlings_cindy",13],["Sekusa1",13],["atypicalblonde",14],["Pissed_Woman",14],["JeffreyHardin15",14],["kathy_levy",15],["primfreak",15],["gnod111",16],["SearchingForTr9",16],["Eyerish13",16],["GymCoachMac",17]],"sentiment":[{"Tweet_ID": 1.1292963741497016e+18, "Sentiment": 0.75, "Time": "2019-05-17 10:03:31"},{"Tweet_ID": 1.129296389337432e+18, "Sentiment": 0.0, "Time": "2019-05-17 10:03:35"}]}}
2019-06-26 12:03:17,717 no email passed on arguments... exception ignored
2019-06-26 12:03:17,719 search type: 1
2019-06-26 12:03:17,932 unable to load the termSentiments.csv file...
2019-06-26 12:03:17,932 result: {"result":{"term":{"1557669600000":23,"1557673200000":60,"1557676800000":72,"1557680400000":79,"1557684000000":93,"1557687600000":80,"1557691200000":94,"1557694800000":85,"1557698400000":93,"1557702000000":50,"1557705600000":41,"1557709200000":13,"1557712800000":8,"1557716400000":8,"1557720000000":4,"1557723600000":12,"1557727200000":33,"1557730800000":58,"1557734400000":84,"1557738000000":112,"1557741600000":110,"1557745200000":116,"1557748800000":94,"1557752400000":118,"1557756000000":107,"1557759600000":91,"1557763200000":96,"1557766800000":107,"1557770400000":70,"1557774000000":138,"1557777600000":141,"1557781200000":118,"1557784800000":101,"1557788400000":61,"1557792000000":27,"1557795600000":18,"1557799200000":10,"1557802800000":9,"1557806400000":10,"1557810000000":22,"1557813600000":37,"1557817200000":92,"1557820800000":131,"1557824400000":140,"1557828000000":167,"1557831600000":116,"1557835200000":106,"1557838800000":134,"1557842400000":115,"1557846000000":99,"1557849600000":122,"1557853200000":93,"1557856800000":97,"1557860400000":111,"1557864000000":98,"1557867600000":95,"1557871200000":92,"1557874800000":97,"1557878400000":34,"1557882000000":16,"1557885600000":11,"1557889200000":10,"1557892800000":18,"1557896400000":22,"1557900000000":72,"1557903600000":107,"1557907200000":141,"1557910800000":161,"1557914400000":135,"1557918000000":138,"1557921600000":142,"1557925200000":134,"1557928800000":92,"1557932400000":89,"1557936000000":89,"1557939600000":120,"1557943200000":112,"1557946800000":92,"1557950400000":126,"1557954000000":125,"1557957600000":110,"1557961200000":81,"1557964800000":33,"1557968400000":15,"1557972000000":6,"1557975600000":8,"1557979200000":13,"1557982800000":17,"1557986400000":38,"1557990000000":79,"1557993600000":93,"1557997200000":124,"1558000800000":107,"1558004400000":93,"1558008000000":103,"1558011600000":81,"1558015200000":80,"1558018800000":84,"1558022400000":90,"1558026000000":61,"1558029600000":107,"1558033200000":77,"1558036800000":162,"1558040400000":105,"1558044000000":92,"1558047600000":141,"1558051200000":67,"1558054800000":20,"1558058400000":10,"1558062000000":20,"1558065600000":12,"1558069200000":34,"1558072800000":52,"1558076400000":92,"1558080000000":148,"1558083600000":129,"1558087200000":140,"1558090800000":181,"1558094400000":150,"1558098000000":113,"1558101600000":135,"1558105200000":0,"1558108800000":0,"1558112400000":0,"1558116000000":0,"1558119600000":0,"1558123200000":0,"1558126800000":0,"1558130400000":1,"1558134000000":0,"1558137600000":0,"1558141200000":0,"1558144800000":0,"1558148400000":0,"1558152000000":0,"1558155600000":0,"1558159200000":0,"1558162800000":0,"1558166400000":0,"1558170000000":0,"1558173600000":0,"1558177200000":0,"1558180800000":0,"1558184400000":0,"1558188000000":0,"1558191600000":0,"1558195200000":1,"1558198800000":0,"1558202400000":0,"1558206000000":0,"1558209600000":0,"1558213200000":0,"1558216800000":0,"1558220400000":0,"1558224000000":0,"1558227600000":0,"1558231200000":0,"1558234800000":0,"1558238400000":0,"1558242000000":0,"1558245600000":0,"1558249200000":0,"1558252800000":0,"1558256400000":0,"1558260000000":86,"1558263600000":11},"counted":[["#EP2019",21],["#eAuto",21],["#tagesschau24",26],["#EUWahl2019",26],["#europawahl",27],["#faktist",27],["#fridaysforfuture",28],["#sehenswert",29],["#VW",33],["#europawahl2019",37],["#EU",46],["#EUelections2019",47],["#climatechange",49],["#CO2Steuer",66],["#CO2",112]],"topuser":[["P4F_Hamburg",12],["Humanistin",12],["raumplanungtv",13],["Nikkido11",13],["Dianaownz100",14],["HelgeLehmann",15],["riffklima",15],["SUnterhaltung",15],["EventyrJ",15],["chris_pyak",15],["semodu_ag",16],["PParzival",16],["geirrchris",16],["search_mk",17],["Michael_Kunz",17],["UweRolandGross1",17],["ruebeberg1",19],["Twitschertroll",19],["parents4future",19],["AndreaLubcke",19],["HalleVerkehrt",20],["Kids_CoKG",20],["btkrth",21],["Balelt41",39],["eozwei",65]],"sentiment":"no_data"}}
2019-06-26 12:04:26,678 no email passed on arguments... exception ignored
2019-06-26 12:04:26,681 search type: 1
2019-06-26 12:04:26,879 result: {"result":{"term":{"1558213200000":16896,"1558216800000":1,"1558220400000":0,"1558224000000":0,"1558227600000":1,"1558231200000":0,"1558234800000":0,"1558238400000":0,"1558242000000":0,"1558245600000":0,"1558249200000":0,"1558252800000":0,"1558256400000":0,"1558260000000":0,"1558263600000":193},"counted":[["#BREAKING",5],["#moms",6],["#EEUU",6],["#toddlers",6],["#MAGAmemes",7],["#maga",7],["#WAKEUPAMERICA",8],["#RT",13],["#trump",14],["#FAUXnews",14],["#ccot",17],["#tcot",30],["#kag",33],["#NATO",35]],"topuser":[["bettyblack176",11],["all_sabrina",11],["MaryFabulous3",11],["lpbrown7",12],["AmericanMom2",12],["ProfSchlitzo7",12],["Pasha_Enrik",12],["trilingual1946",12],["FLpalmtree1",12],["minamoradi2020",12],["BarleyFields1",12],["AJHolland01",13],["sueludad",13],["spooner_lindsay",13],["rawlings_cindy",13],["Sekusa1",13],["atypicalblonde",14],["Pissed_Woman",14],["JeffreyHardin15",14],["kathy_levy",15],["primfreak",15],["gnod111",16],["SearchingForTr9",16],["Eyerish13",16],["GymCoachMac",17]],"sentiment":[{"Tweet_ID": 1.1292963741497016e+18, "Sentiment": 0.75, "Time": "2019-05-17 10:03:31"},{"Tweet_ID": 1.129296389337432e+18, "Sentiment": 0.0, "Time": "2019-05-17 10:03:35"}]}}
2019-06-26 12:04:33,197 no email passed on arguments... exception ignored
2019-06-26 12:04:33,199 search type: 1
2019-06-26 12:04:33,396 unable to load the termSentiments.csv file...
2019-06-26 12:04:33,397 result: {"result":{"term":{"1557669600000":23,"1557673200000":60,"1557676800000":72,"1557680400000":79,"1557684000000":93,"1557687600000":80,"1557691200000":94,"1557694800000":85,"1557698400000":93,"1557702000000":50,"1557705600000":41,"1557709200000":13,"1557712800000":8,"1557716400000":8,"1557720000000":4,"1557723600000":12,"1557727200000":33,"1557730800000":58,"1557734400000":84,"1557738000000":112,"1557741600000":110,"1557745200000":116,"1557748800000":94,"1557752400000":118,"1557756000000":107,"1557759600000":91,"1557763200000":96,"1557766800000":107,"1557770400000":70,"1557774000000":138,"1557777600000":141,"1557781200000":118,"1557784800000":101,"1557788400000":61,"1557792000000":27,"1557795600000":18,"1557799200000":10,"1557802800000":9,"1557806400000":10,"1557810000000":22,"1557813600000":37,"1557817200000":92,"1557820800000":131,"1557824400000":140,"1557828000000":167,"1557831600000":116,"1557835200000":106,"1557838800000":134,"1557842400000":115,"1557846000000":99,"1557849600000":122,"1557853200000":93,"1557856800000":97,"1557860400000":111,"1557864000000":98,"1557867600000":95,"1557871200000":92,"1557874800000":97,"1557878400000":34,"1557882000000":16,"1557885600000":11,"1557889200000":10,"1557892800000":18,"1557896400000":22,"1557900000000":72,"1557903600000":107,"1557907200000":141,"1557910800000":161,"1557914400000":135,"1557918000000":138,"1557921600000":142,"1557925200000":134,"1557928800000":92,"1557932400000":89,"1557936000000":89,"1557939600000":120,"1557943200000":112,"1557946800000":92,"1557950400000":126,"1557954000000":125,"1557957600000":110,"1557961200000":81,"1557964800000":33,"1557968400000":15,"1557972000000":6,"1557975600000":8,"1557979200000":13,"1557982800000":17,"1557986400000":38,"1557990000000":79,"1557993600000":93,"1557997200000":124,"1558000800000":107,"1558004400000":93,"1558008000000":103,"1558011600000":81,"1558015200000":80,"1558018800000":84,"1558022400000":90,"1558026000000":61,"1558029600000":107,"1558033200000":77,"1558036800000":162,"1558040400000":105,"1558044000000":92,"1558047600000":141,"1558051200000":67,"1558054800000":20,"1558058400000":10,"1558062000000":20,"1558065600000":12,"1558069200000":34,"1558072800000":52,"1558076400000":92,"1558080000000":148,"1558083600000":129,"1558087200000":140,"1558090800000":181,"1558094400000":150,"1558098000000":113,"1558101600000":135,"1558105200000":0,"1558108800000":0,"1558112400000":0,"1558116000000":0,"1558119600000":0,"1558123200000":0,"1558126800000":0,"1558130400000":1,"1558134000000":0,"1558137600000":0,"1558141200000":0,"1558144800000":0,"1558148400000":0,"1558152000000":0,"1558155600000":0,"1558159200000":0,"1558162800000":0,"1558166400000":0,"1558170000000":0,"1558173600000":0,"1558177200000":0,"1558180800000":0,"1558184400000":0,"1558188000000":0,"1558191600000":0,"1558195200000":1,"1558198800000":0,"1558202400000":0,"1558206000000":0,"1558209600000":0,"1558213200000":0,"1558216800000":0,"1558220400000":0,"1558224000000":0,"1558227600000":0,"1558231200000":0,"1558234800000":0,"1558238400000":0,"1558242000000":0,"1558245600000":0,"1558249200000":0,"1558252800000":0,"1558256400000":0,"1558260000000":86,"1558263600000":11},"counted":[["#EP2019",21],["#eAuto",21],["#tagesschau24",26],["#EUWahl2019",26],["#europawahl",27],["#faktist",27],["#fridaysforfuture",28],["#sehenswert",29],["#VW",33],["#europawahl2019",37],["#EU",46],["#EUelections2019",47],["#climatechange",49],["#CO2Steuer",66],["#CO2",112]],"topuser":[["P4F_Hamburg",12],["Humanistin",12],["raumplanungtv",13],["Nikkido11",13],["Dianaownz100",14],["HelgeLehmann",15],["riffklima",15],["SUnterhaltung",15],["EventyrJ",15],["chris_pyak",15],["semodu_ag",16],["PParzival",16],["geirrchris",16],["search_mk",17],["Michael_Kunz",17],["UweRolandGross1",17],["ruebeberg1",19],["Twitschertroll",19],["parents4future",19],["AndreaLubcke",19],["HalleVerkehrt",20],["Kids_CoKG",20],["btkrth",21],["Balelt41",39],["eozwei",65]],"sentiment":"no_data"}}
2019-06-26 12:05:36,898 no email passed on arguments... exception ignored
2019-06-26 12:05:36,900 search type: 1
2019-06-26 12:05:37,106 result: {"result":{"term":{"1558213200000":16896,"1558216800000":1,"1558220400000":0,"1558224000000":0,"1558227600000":1,"1558231200000":0,"1558234800000":0,"1558238400000":0,"1558242000000":0,"1558245600000":0,"1558249200000":0,"1558252800000":0,"1558256400000":0,"1558260000000":0,"1558263600000":193},"counted":[["#BREAKING",5],["#moms",6],["#EEUU",6],["#toddlers",6],["#MAGAmemes",7],["#maga",7],["#WAKEUPAMERICA",8],["#RT",13],["#trump",14],["#FAUXnews",14],["#ccot",17],["#tcot",30],["#kag",33],["#NATO",35]],"topuser":[["bettyblack176",11],["all_sabrina",11],["MaryFabulous3",11],["lpbrown7",12],["AmericanMom2",12],["ProfSchlitzo7",12],["Pasha_Enrik",12],["trilingual1946",12],["FLpalmtree1",12],["minamoradi2020",12],["BarleyFields1",12],["AJHolland01",13],["sueludad",13],["spooner_lindsay",13],["rawlings_cindy",13],["Sekusa1",13],["atypicalblonde",14],["Pissed_Woman",14],["JeffreyHardin15",14],["kathy_levy",15],["primfreak",15],["gnod111",16],["SearchingForTr9",16],["Eyerish13",16],["GymCoachMac",17]],"sentiment":[{"Tweet_ID": 1.1292963741497016e+18, "Sentiment": 0.75, "Time": "2019-05-17 10:03:31"},{"Tweet_ID": 1.129296389337432e+18, "Sentiment": 0.0, "Time": "2019-05-17 10:03:35"}]}}
2019-06-26 12:05:42,230 no email passed on arguments... exception ignored
2019-06-26 12:05:42,234 search type: 1
2019-06-26 12:05:42,420 unable to load the termSentiments.csv file...
2019-06-26 12:05:42,421 result: {"result":{"term":{"1557669600000":23,"1557673200000":60,"1557676800000":72,"1557680400000":79,"1557684000000":93,"1557687600000":80,"1557691200000":94,"1557694800000":85,"1557698400000":93,"1557702000000":50,"1557705600000":41,"1557709200000":13,"1557712800000":8,"1557716400000":8,"1557720000000":4,"1557723600000":12,"1557727200000":33,"1557730800000":58,"1557734400000":84,"1557738000000":112,"1557741600000":110,"1557745200000":116,"1557748800000":94,"1557752400000":118,"1557756000000":107,"1557759600000":91,"1557763200000":96,"1557766800000":107,"1557770400000":70,"1557774000000":138,"1557777600000":141,"1557781200000":118,"1557784800000":101,"1557788400000":61,"1557792000000":27,"1557795600000":18,"1557799200000":10,"1557802800000":9,"1557806400000":10,"1557810000000":22,"1557813600000":37,"1557817200000":92,"1557820800000":131,"1557824400000":140,"1557828000000":167,"1557831600000":116,"1557835200000":106,"1557838800000":134,"1557842400000":115,"1557846000000":99,"1557849600000":122,"1557853200000":93,"1557856800000":97,"1557860400000":111,"1557864000000":98,"1557867600000":95,"1557871200000":92,"1557874800000":97,"1557878400000":34,"1557882000000":16,"1557885600000":11,"1557889200000":10,"1557892800000":18,"1557896400000":22,"1557900000000":72,"1557903600000":107,"1557907200000":141,"1557910800000":161,"1557914400000":135,"1557918000000":138,"1557921600000":142,"1557925200000":134,"1557928800000":92,"1557932400000":89,"1557936000000":89,"1557939600000":120,"1557943200000":112,"1557946800000":92,"1557950400000":126,"1557954000000":125,"1557957600000":110,"1557961200000":81,"1557964800000":33,"1557968400000":15,"1557972000000":6,"1557975600000":8,"1557979200000":13,"1557982800000":17,"1557986400000":38,"1557990000000":79,"1557993600000":93,"1557997200000":124,"1558000800000":107,"1558004400000":93,"1558008000000":103,"1558011600000":81,"1558015200000":80,"1558018800000":84,"1558022400000":90,"1558026000000":61,"1558029600000":107,"1558033200000":77,"1558036800000":162,"1558040400000":105,"1558044000000":92,"1558047600000":141,"1558051200000":67,"1558054800000":20,"1558058400000":10,"1558062000000":20,"1558065600000":12,"1558069200000":34,"1558072800000":52,"1558076400000":92,"1558080000000":148,"1558083600000":129,"1558087200000":140,"1558090800000":181,"1558094400000":150,"1558098000000":113,"1558101600000":135,"1558105200000":0,"1558108800000":0,"1558112400000":0,"1558116000000":0,"1558119600000":0,"1558123200000":0,"1558126800000":0,"1558130400000":1,"1558134000000":0,"1558137600000":0,"1558141200000":0,"1558144800000":0,"1558148400000":0,"1558152000000":0,"1558155600000":0,"1558159200000":0,"1558162800000":0,"1558166400000":0,"1558170000000":0,"1558173600000":0,"1558177200000":0,"1558180800000":0,"1558184400000":0,"1558188000000":0,"1558191600000":0,"1558195200000":1,"1558198800000":0,"1558202400000":0,"1558206000000":0,"1558209600000":0,"1558213200000":0,"1558216800000":0,"1558220400000":0,"1558224000000":0,"1558227600000":0,"1558231200000":0,"1558234800000":0,"1558238400000":0,"1558242000000":0,"1558245600000":0,"1558249200000":0,"1558252800000":0,"1558256400000":0,"1558260000000":86,"1558263600000":11},"counted":[["#EP2019",21],["#eAuto",21],["#tagesschau24",26],["#EUWahl2019",26],["#europawahl",27],["#faktist",27],["#fridaysforfuture",28],["#sehenswert",29],["#VW",33],["#europawahl2019",37],["#EU",46],["#EUelections2019",47],["#climatechange",49],["#CO2Steuer",66],["#CO2",112]],"topuser":[["P4F_Hamburg",12],["Humanistin",12],["raumplanungtv",13],["Nikkido11",13],["Dianaownz100",14],["HelgeLehmann",15],["riffklima",15],["SUnterhaltung",15],["EventyrJ",15],["chris_pyak",15],["semodu_ag",16],["PParzival",16],["geirrchris",16],["search_mk",17],["Michael_Kunz",17],["UweRolandGross1",17],["ruebeberg1",19],["Twitschertroll",19],["parents4future",19],["AndreaLubcke",19],["HalleVerkehrt",20],["Kids_CoKG",20],["btkrth",21],["Balelt41",39],["eozwei",65]],"sentiment":"no_data"}}
2019-06-26 12:10:02,703 no email passed on arguments... exception ignored
2019-06-26 12:10:02,706 search type: 1
2019-06-26 12:10:02,900 result: {"result":{"term":{"1558213200000":16896,"1558216800000":1,"1558220400000":0,"1558224000000":0,"1558227600000":1,"1558231200000":0,"1558234800000":0,"1558238400000":0,"1558242000000":0,"1558245600000":0,"1558249200000":0,"1558252800000":0,"1558256400000":0,"1558260000000":0,"1558263600000":193},"counted":[["#BREAKING",5],["#moms",6],["#EEUU",6],["#toddlers",6],["#MAGAmemes",7],["#maga",7],["#WAKEUPAMERICA",8],["#RT",13],["#trump",14],["#FAUXnews",14],["#ccot",17],["#tcot",30],["#kag",33],["#NATO",35]],"topuser":[["bettyblack176",11],["all_sabrina",11],["MaryFabulous3",11],["lpbrown7",12],["AmericanMom2",12],["ProfSchlitzo7",12],["Pasha_Enrik",12],["trilingual1946",12],["FLpalmtree1",12],["minamoradi2020",12],["BarleyFields1",12],["AJHolland01",13],["sueludad",13],["spooner_lindsay",13],["rawlings_cindy",13],["Sekusa1",13],["atypicalblonde",14],["Pissed_Woman",14],["JeffreyHardin15",14],["kathy_levy",15],["primfreak",15],["gnod111",16],["SearchingForTr9",16],["Eyerish13",16],["GymCoachMac",17]],"sentiment":[{"Tweet_ID": 1.1292963741497016e+18, "Sentiment": 0.75, "Time": "2019-05-17 10:03:31"},{"Tweet_ID": 1.129296389337432e+18, "Sentiment": 0.0, "Time": "2019-05-17 10:03:35"}]}}
2019-06-26 12:10:06,306 no email passed on arguments... exception ignored
2019-06-26 12:10:06,309 search type: 1
2019-06-26 12:10:06,490 unable to load the termSentiments.csv file...
2019-06-26 12:10:06,491 result: {"result":{"term":{"1557669600000":23,"1557673200000":60,"1557676800000":72,"1557680400000":79,"1557684000000":93,"1557687600000":80,"1557691200000":94,"1557694800000":85,"1557698400000":93,"1557702000000":50,"1557705600000":41,"1557709200000":13,"1557712800000":8,"1557716400000":8,"1557720000000":4,"1557723600000":12,"1557727200000":33,"1557730800000":58,"1557734400000":84,"1557738000000":112,"1557741600000":110,"1557745200000":116,"1557748800000":94,"1557752400000":118,"1557756000000":107,"1557759600000":91,"1557763200000":96,"1557766800000":107,"1557770400000":70,"1557774000000":138,"1557777600000":141,"1557781200000":118,"1557784800000":101,"1557788400000":61,"1557792000000":27,"1557795600000":18,"1557799200000":10,"1557802800000":9,"1557806400000":10,"1557810000000":22,"1557813600000":37,"1557817200000":92,"1557820800000":131,"1557824400000":140,"1557828000000":167,"1557831600000":116,"1557835200000":106,"1557838800000":134,"1557842400000":115,"1557846000000":99,"1557849600000":122,"1557853200000":93,"1557856800000":97,"1557860400000":111,"1557864000000":98,"1557867600000":95,"1557871200000":92,"1557874800000":97,"1557878400000":34,"1557882000000":16,"1557885600000":11,"1557889200000":10,"1557892800000":18,"1557896400000":22,"1557900000000":72,"1557903600000":107,"1557907200000":141,"1557910800000":161,"1557914400000":135,"1557918000000":138,"1557921600000":142,"1557925200000":134,"1557928800000":92,"1557932400000":89,"1557936000000":89,"1557939600000":120,"1557943200000":112,"1557946800000":92,"1557950400000":126,"1557954000000":125,"1557957600000":110,"1557961200000":81,"1557964800000":33,"1557968400000":15,"1557972000000":6,"1557975600000":8,"1557979200000":13,"1557982800000":17,"1557986400000":38,"1557990000000":79,"1557993600000":93,"1557997200000":124,"1558000800000":107,"1558004400000":93,"1558008000000":103,"1558011600000":81,"1558015200000":80,"1558018800000":84,"1558022400000":90,"1558026000000":61,"1558029600000":107,"1558033200000":77,"1558036800000":162,"1558040400000":105,"1558044000000":92,"1558047600000":141,"1558051200000":67,"1558054800000":20,"1558058400000":10,"1558062000000":20,"1558065600000":12,"1558069200000":34,"1558072800000":52,"1558076400000":92,"1558080000000":148,"1558083600000":129,"1558087200000":140,"1558090800000":181,"1558094400000":150,"1558098000000":113,"1558101600000":135,"1558105200000":0,"1558108800000":0,"1558112400000":0,"1558116000000":0,"1558119600000":0,"1558123200000":0,"1558126800000":0,"1558130400000":1,"1558134000000":0,"1558137600000":0,"1558141200000":0,"1558144800000":0,"1558148400000":0,"1558152000000":0,"1558155600000":0,"1558159200000":0,"1558162800000":0,"1558166400000":0,"1558170000000":0,"1558173600000":0,"1558177200000":0,"1558180800000":0,"1558184400000":0,"1558188000000":0,"1558191600000":0,"1558195200000":1,"1558198800000":0,"1558202400000":0,"1558206000000":0,"1558209600000":0,"1558213200000":0,"1558216800000":0,"1558220400000":0,"1558224000000":0,"1558227600000":0,"1558231200000":0,"1558234800000":0,"1558238400000":0,"1558242000000":0,"1558245600000":0,"1558249200000":0,"1558252800000":0,"1558256400000":0,"1558260000000":86,"1558263600000":11},"counted":[["#EP2019",21],["#eAuto",21],["#tagesschau24",26],["#EUWahl2019",26],["#europawahl",27],["#faktist",27],["#fridaysforfuture",28],["#sehenswert",29],["#VW",33],["#europawahl2019",37],["#EU",46],["#EUelections2019",47],["#climatechange",49],["#CO2Steuer",66],["#CO2",112]],"topuser":[["P4F_Hamburg",12],["Humanistin",12],["raumplanungtv",13],["Nikkido11",13],["Dianaownz100",14],["HelgeLehmann",15],["riffklima",15],["SUnterhaltung",15],["EventyrJ",15],["chris_pyak",15],["semodu_ag",16],["PParzival",16],["geirrchris",16],["search_mk",17],["Michael_Kunz",17],["UweRolandGross1",17],["ruebeberg1",19],["Twitschertroll",19],["parents4future",19],["AndreaLubcke",19],["HalleVerkehrt",20],["Kids_CoKG",20],["btkrth",21],["Balelt41",39],["eozwei",65]],"sentiment":"no_data"}}
2019-06-26 12:10:18,971 no email passed on arguments... exception ignored
2019-06-26 12:10:18,973 search type: 1
2019-06-26 12:10:19,232 result: {"result":{"term":{"1558213200000":16896,"1558216800000":1,"1558220400000":0,"1558224000000":0,"1558227600000":1,"1558231200000":0,"1558234800000":0,"1558238400000":0,"1558242000000":0,"1558245600000":0,"1558249200000":0,"1558252800000":0,"1558256400000":0,"1558260000000":0,"1558263600000":193},"counted":[["#BREAKING",5],["#moms",6],["#EEUU",6],["#toddlers",6],["#MAGAmemes",7],["#maga",7],["#WAKEUPAMERICA",8],["#RT",13],["#trump",14],["#FAUXnews",14],["#ccot",17],["#tcot",30],["#kag",33],["#NATO",35]],"topuser":[["bettyblack176",11],["all_sabrina",11],["MaryFabulous3",11],["lpbrown7",12],["AmericanMom2",12],["ProfSchlitzo7",12],["Pasha_Enrik",12],["trilingual1946",12],["FLpalmtree1",12],["minamoradi2020",12],["BarleyFields1",12],["AJHolland01",13],["sueludad",13],["spooner_lindsay",13],["rawlings_cindy",13],["Sekusa1",13],["atypicalblonde",14],["Pissed_Woman",14],["JeffreyHardin15",14],["kathy_levy",15],["primfreak",15],["gnod111",16],["SearchingForTr9",16],["Eyerish13",16],["GymCoachMac",17]],"sentiment":[{"Tweet_ID": 1.1292963741497016e+18, "Sentiment": 0.75, "Time": "2019-05-17 10:03:31"},{"Tweet_ID": 1.129296389337432e+18, "Sentiment": 0.0, "Time": "2019-05-17 10:03:35"}]}}
